<?xml version="1.0" encoding="UTF-8"?>
<!-- Generated by org.testng.reporters.JUnitXMLReporter -->
<testsuite ignored="5" hostname="BINTERNS-QA9L" failures="0" tests="2" name="Test" time="0.057" errors="0" timestamp="2023-03-06T15:33:18 IST">
  <testcase classname="annotation_demo.grouping_demo" name="signupbyfacebook" time="0.01"/>
  <testcase classname="annotation_demo.grouping_demo" name="signupbyTwiter" time="0.001"/>
  <testcase classname="annotation_demo.grouping_demo" name="loginByFacebook" time="0.0">
    <ignored/>
  </testcase> <!-- loginByFacebook -->
  <testcase classname="annotation_demo.grouping_demo" name="loginByTwitter" time="0.0">
    <ignored/>
  </testcase> <!-- loginByTwitter -->
  <testcase classname="annotation_demo.grouping_demo" name="signupByEmail" time="0.0">
    <ignored/>
  </testcase> <!-- signupByEmail -->
  <testcase classname="annotation_demo.grouping_demo" name="loginByEmail" time="0.0">
    <ignored/>
  </testcase> <!-- loginByEmail -->
  <testcase classname="annotation_demo.grouping_demo" name="Paymentinrupee" time="0.0">
    <ignored/>
  </testcase> <!-- Paymentinrupee -->
</testsuite> <!-- Test -->
