<?xml version="1.0" encoding="UTF-8"?>
<testng-results ignored="0" total="2" passed="2" failed="0" skipped="0">
  <reporter-output>
  </reporter-output>
  <suite started-at="2023-03-09T10:58:45 IST" name="Default suite" finished-at="2023-03-09T10:58:45 IST" duration-ms="45">
    <groups>
    </groups>
    <test started-at="2023-03-09T10:58:45 IST" name="Default test" finished-at="2023-03-09T10:58:45 IST" duration-ms="45">
      <class name="dataprovider.demo">
        <test-method signature="m1()[pri:1, instance:dataprovider.demo@47987356]" started-at="2023-03-09T10:58:45 IST" name="m1" finished-at="2023-03-09T10:58:45 IST" duration-ms="7" status="PASS">
          <reporter-output>
          </reporter-output>
        </test-method> <!-- m1 -->
        <test-method signature="m2()[pri:2, instance:dataprovider.demo@47987356]" started-at="2023-03-09T10:58:45 IST" name="m2" finished-at="2023-03-09T10:58:45 IST" duration-ms="1" status="PASS">
          <reporter-output>
          </reporter-output>
        </test-method> <!-- m2 -->
      </class> <!-- dataprovider.demo -->
    </test> <!-- Default test -->
  </suite> <!-- Default suite -->
</testng-results>
